2015/11/25 23:10:57 にビルドを開始しました。
     1>ノード 2 上のプロジェクト "C:\Users\vantan\Documents\GitHub\ImagineCup\イマジン\GameTemplate.vcxproj" (Build ターゲット)。
     1>ClCompile:
         C:\Program Files (x86)\Microsoft Visual Studio 12.0\VC\bin\CL.exe /c /ZI /nologo /W3 /WX- /MP /Od /Oy- /D WIN32 /D _DEBUG /D _WINDOWS /D DEBUG /D _ITERATOR_DEBUG_LEVEL=0 /D PRODUCT_NAME=GameTemplate /Gm- /EHsc /RTC1 /MDd /GS /fp:precise /Zc:wchar_t /Zc:forScope /Fo"Debug\\" /Fd"Debug\vc120.pdb" /Gd /TP /analyze- /errorReport:prompt src\Collision.cpp src\CreateAction.cpp src\CreateMonster.cpp src\lib\appEnv.cpp src\lib\audio.cpp src\lib\camera2D.cpp src\lib\fileUtil.cpp src\lib\font.cpp src\lib\gamePad.cpp src\lib\glExt.cpp src\lib\glfwWindow.cpp src\lib\glTexture.cpp src\lib\graph.cpp src\lib\matrix.cpp src\lib\os_osx.cpp src\lib\os_win.cpp src\lib\png.cpp src\lib\random.cpp src\lib\streaming.cpp src\lib\streamWav.cpp src\lib\texture.cpp src\lib\utils.cpp src\lib\wav.cpp src\main.cpp
         Collision.cpp
         CreateAction.cpp
         CreateMonster.cpp
         appEnv.cpp
     1>c:\users\vantan\documents\github\imaginecup\イマジン\src\createaction.cpp(41): warning C4305: '=' : 'double' から 'float' へ切り詰めます。 (src\CreateAction.cpp)
     1>c:\users\vantan\documents\github\imaginecup\イマジン\src\createaction.cpp(45): warning C4305: '=' : 'double' から 'float' へ切り詰めます。 (src\CreateAction.cpp)
     1>c:\users\vantan\documents\github\imaginecup\イマジン\src\createaction.cpp(77): warning C4305: '+=' : 'double' から 'float' へ切り詰めます。 (src\CreateAction.cpp)
     1>c:\users\vantan\documents\github\imaginecup\イマジン\src\createaction.cpp(79): warning C4305: '-=' : 'double' から 'float' へ切り詰めます。 (src\CreateAction.cpp)
     1>c:\users\vantan\documents\github\imaginecup\イマジン\src\createaction.cpp(85): warning C4305: '-=' : 'double' から 'float' へ切り詰めます。 (src\CreateAction.cpp)
     1>c:\users\vantan\documents\github\imaginecup\イマジン\src\createaction.cpp(87): warning C4305: '+=' : 'double' から 'float' へ切り詰めます。 (src\CreateAction.cpp)
         audio.cpp
         camera2D.cpp
         fileUtil.cpp
         font.cpp
         gamePad.cpp
         glExt.cpp
         glfwWindow.cpp
         glTexture.cpp
         graph.cpp
         matrix.cpp
         os_osx.cpp
         os_win.cpp
         png.cpp
         random.cpp
         streaming.cpp
         streamWav.cpp
         texture.cpp
         utils.cpp
         wav.cpp
         main.cpp
       Link:
         C:\Program Files (x86)\Microsoft Visual Studio 12.0\VC\bin\link.exe /ERRORREPORT:PROMPT /OUT:"C:\Users\vantan\Documents\GitHub\ImagineCup\イマジン\GameTemplate.exe" /INCREMENTAL /NOLOGO kernel32.lib user32.lib gdi32.lib winspool.lib comdlg32.lib advapi32.lib shell32.lib ole32.lib oleaut32.lib uuid.lib odbc32.lib odbccp32.lib /MANIFEST /MANIFESTUAC:"level='asInvoker' uiAccess='false'" /manifest:embed /DEBUG /PDB:"C:\Users\vantan\Documents\GitHub\ImagineCup\イマジン\GameTemplate.pdb" /SUBSYSTEM:WINDOWS /TLBID:1 /ENTRY:"mainCRTStartup" /DYNAMICBASE /NXCOMPAT /IMPLIB:"C:\Users\vantan\Documents\GitHub\ImagineCup\イマジン\GameTemplate.lib" /MACHINE:X86 Debug\Collision.obj
         Debug\CreateAction.obj
         Debug\CreateMonster.obj
         Debug\appEnv.obj
         Debug\audio.obj
         Debug\camera2D.obj
         Debug\fileUtil.obj
         Debug\font.obj
         Debug\gamePad.obj
         Debug\glExt.obj
         Debug\glfwWindow.obj
         Debug\glTexture.obj
         Debug\graph.obj
         Debug\matrix.obj
         Debug\os_osx.obj
         Debug\os_win.obj
         Debug\png.obj
         Debug\random.obj
         Debug\streaming.obj
         Debug\streamWav.obj
         Debug\texture.obj
         Debug\utils.obj
         Debug\wav.obj
         Debug\main.obj
     1>glfw3d.lib(context.obj) : warning LNK4099: PDB 'vc120.pdb' が 'glfw3d.lib(context.obj)' で、または 'C:\Users\vantan\Documents\GitHub\ImagineCup\イマジン\vc120.pdb' に見つかりません。デバッグ情報がないものとして、オブジェクトにリンクします。
     1>glfw3d.lib(init.obj) : warning LNK4099: PDB 'vc120.pdb' が 'glfw3d.lib(init.obj)' で、または 'C:\Users\vantan\Documents\GitHub\ImagineCup\イマジン\vc120.pdb' に見つかりません。デバッグ情報がないものとして、オブジェクトにリンクします。
     1>glfw3d.lib(input.obj) : warning LNK4099: PDB 'vc120.pdb' が 'glfw3d.lib(input.obj)' で、または 'C:\Users\vantan\Documents\GitHub\ImagineCup\イマジン\vc120.pdb' に見つかりません。デバッグ情報がないものとして、オブジェクトにリンクします。
     1>glfw3d.lib(monitor.obj) : warning LNK4099: PDB 'vc120.pdb' が 'glfw3d.lib(monitor.obj)' で、または 'C:\Users\vantan\Documents\GitHub\ImagineCup\イマジン\vc120.pdb' に見つかりません。デバッグ情報がないものとして、オブジェクトにリンクします。
     1>glfw3d.lib(window.obj) : warning LNK4099: PDB 'vc120.pdb' が 'glfw3d.lib(window.obj)' で、または 'C:\Users\vantan\Documents\GitHub\ImagineCup\イマジン\vc120.pdb' に見つかりません。デバッグ情報がないものとして、オブジェクトにリンクします。
     1>glfw3d.lib(win32_init.obj) : warning LNK4099: PDB 'vc120.pdb' が 'glfw3d.lib(win32_init.obj)' で、または 'C:\Users\vantan\Documents\GitHub\ImagineCup\イマジン\vc120.pdb' に見つかりません。デバッグ情報がないものとして、オブジェクトにリンクします。
     1>glfw3d.lib(win32_monitor.obj) : warning LNK4099: PDB 'vc120.pdb' が 'glfw3d.lib(win32_monitor.obj)' で、または 'C:\Users\vantan\Documents\GitHub\ImagineCup\イマジン\vc120.pdb' に見つかりません。デバッグ情報がないものとして、オブジェクトにリンクします。
     1>glfw3d.lib(win32_time.obj) : warning LNK4099: PDB 'vc120.pdb' が 'glfw3d.lib(win32_time.obj)' で、または 'C:\Users\vantan\Documents\GitHub\ImagineCup\イマジン\vc120.pdb' に見つかりません。デバッグ情報がないものとして、オブジェクトにリンクします。
     1>glfw3d.lib(win32_tls.obj) : warning LNK4099: PDB 'vc120.pdb' が 'glfw3d.lib(win32_tls.obj)' で、または 'C:\Users\vantan\Documents\GitHub\ImagineCup\イマジン\vc120.pdb' に見つかりません。デバッグ情報がないものとして、オブジェクトにリンクします。
     1>glfw3d.lib(win32_window.obj) : warning LNK4099: PDB 'vc120.pdb' が 'glfw3d.lib(win32_window.obj)' で、または 'C:\Users\vantan\Documents\GitHub\ImagineCup\イマジン\vc120.pdb' に見つかりません。デバッグ情報がないものとして、オブジェクトにリンクします。
     1>glfw3d.lib(winmm_joystick.obj) : warning LNK4099: PDB 'vc120.pdb' が 'glfw3d.lib(winmm_joystick.obj)' で、または 'C:\Users\vantan\Documents\GitHub\ImagineCup\イマジン\vc120.pdb' に見つかりません。デバッグ情報がないものとして、オブジェクトにリンクします。
     1>glfw3d.lib(wgl_context.obj) : warning LNK4099: PDB 'vc120.pdb' が 'glfw3d.lib(wgl_context.obj)' で、または 'C:\Users\vantan\Documents\GitHub\ImagineCup\イマジン\vc120.pdb' に見つかりません。デバッグ情報がないものとして、オブジェクトにリンクします。
         GameTemplate.vcxproj -> C:\Users\vantan\Documents\GitHub\ImagineCup\イマジン\GameTemplate.exe
     1>プロジェクト "C:\Users\vantan\Documents\GitHub\ImagineCup\イマジン\GameTemplate.vcxproj" (Build ターゲット) のビルドが完了しました。

ビルドに成功しました。

経過時間 00:00:11.62
